<?xml version="1.0" encoding="utf-8"?><testsuites name="pytest tests"><testsuite name="pytest" errors="0" failures="0" skipped="0" tests="22" time="3.968" timestamp="2026-02-17T06:10:10.997335+00:00" hostname="agent-env-e404b2c8-3707-413a-a562-f860b6675cec"><testcase classname="tests.test_trainer_nasdu.TestTrainerEndpoints" name="test_get_trainers_returns_both_teams" time="0.211" /><testcase classname="tests.test_trainer_nasdu.TestTrainerEndpoints" name="test_our_team_trainers_structure" time="0.236" /><testcase classname="tests.test_trainer_nasdu.TestTrainerEndpoints" name="test_approved_trainers_structure" time="0.150" /><testcase classname="tests.test_trainer_nasdu.TestTrainerEndpoints" name="test_get_our_team_only" time="0.160" /><testcase classname="tests.test_trainer_nasdu.TestTrainerEndpoints" name="test_get_approved_trainers_only" time="0.121" /><testcase classname="tests.test_trainer_nasdu.TestPricingEndpoints" name="test_get_pricing_info_structure" time="0.147" /><testcase classname="tests.test_trainer_nasdu.TestPricingEndpoints" name="test_virtual_session_pricing" time="0.135" /><testcase classname="tests.test_trainer_nasdu.TestPricingEndpoints" name="test_in_person_session_pricing" time="0.160" /><testcase classname="tests.test_trainer_nasdu.TestPricingEndpoints" name="test_emergency_pricing" time="0.141" /><testcase classname="tests.test_trainer_nasdu.TestPricingEndpoints" name="test_travel_fees" time="0.113" /><testcase classname="tests.test_trainer_nasdu.TestPricingEndpoints" name="test_k9_risk_fee" time="0.370" /><testcase classname="tests.test_trainer_nasdu.TestPricingEndpoints" name="test_equipment_list" time="0.179" /><testcase classname="tests.test_trainer_nasdu.TestPricingEndpoints" name="test_behavioural_issues_list" time="0.126" /><testcase classname="tests.test_trainer_nasdu.TestNasduCoursesEndpoints" name="test_get_all_courses" time="0.141" /><testcase classname="tests.test_trainer_nasdu.TestNasduCoursesEndpoints" name="test_course_data_structure" time="0.097" /><testcase classname="tests.test_trainer_nasdu.TestNasduCoursesEndpoints" name="test_course_has_prices" time="0.222" /><testcase classname="tests.test_trainer_nasdu.TestNasduCoursesEndpoints" name="test_filter_by_category" time="0.411" /><testcase classname="tests.test_trainer_nasdu.TestNasduCoursesEndpoints" name="test_get_single_course" time="0.236" /><testcase classname="tests.test_trainer_nasdu.TestNasduCoursesEndpoints" name="test_get_invalid_course_returns_404" time="0.145" /><testcase classname="tests.test_trainer_nasdu.TestCalculateCostEndpoint" name="test_calculate_virtual_session_cost" time="0.120" /><testcase classname="tests.test_trainer_nasdu.TestCalculateCostEndpoint" name="test_calculate_in_person_cost_with_travel" time="0.142" /><testcase classname="tests.test_trainer_nasdu.TestCalculateCostEndpoint" name="test_calculate_emergency_cost" time="0.111" /></testsuite></testsuites>