<?xml version="1.0" encoding="utf-8"?><testsuites name="pytest tests"><testsuite name="pytest" errors="0" failures="0" skipped="0" tests="24" time="4.991" timestamp="2026-02-17T01:52:35.770259+00:00" hostname="agent-env-a8430f9f-8e69-4258-be72-4d7036d74acc"><testcase classname="backend.tests.test_daily_rewards_health.TestDailyRewardsNoAuth" name="test_daily_reward_status_requires_auth" time="0.246" /><testcase classname="backend.tests.test_daily_rewards_health.TestDailyRewardsNoAuth" name="test_daily_reward_claim_requires_auth" time="0.256" /><testcase classname="backend.tests.test_daily_rewards_health.TestHealthHubNoAuth" name="test_health_records_requires_auth" time="0.390" /><testcase classname="backend.tests.test_daily_rewards_health.TestHealthHubNoAuth" name="test_create_health_record_requires_auth" time="0.310" /><testcase classname="backend.tests.test_daily_rewards_health.TestHealthHubNoAuth" name="test_delete_health_record_requires_auth" time="0.387" /><testcase classname="backend.tests.test_daily_rewards_health.TestVetsNoAuth" name="test_get_vets_requires_auth" time="0.129" /><testcase classname="backend.tests.test_daily_rewards_health.TestVetsNoAuth" name="test_add_vet_requires_auth" time="0.167" /><testcase classname="backend.tests.test_daily_rewards_health.TestVetsNoAuth" name="test_delete_vet_requires_auth" time="0.134" /><testcase classname="backend.tests.test_daily_rewards_health.TestAchievementsNoAuth" name="test_achievements_requires_auth" time="0.118" /><testcase classname="backend.tests.test_daily_rewards_health.TestAchievementsNoAuth" name="test_share_achievement_requires_auth" time="0.157" /><testcase classname="backend.tests.test_daily_rewards_health.TestK9CredentialsNoAuth" name="test_k9_credentials_requires_auth" time="0.134" /><testcase classname="backend.tests.test_daily_rewards_health.TestK9CredentialsNoAuth" name="test_k9_certificates_requires_auth" time="0.119" /><testcase classname="backend.tests.test_daily_rewards_health.TestK9CredentialsNoAuth" name="test_generate_certificate_requires_auth" time="0.148" /><testcase classname="backend.tests.test_daily_rewards_health.TestDogProfilesNoAuth" name="test_get_dogs_requires_auth" time="0.137" /><testcase classname="backend.tests.test_daily_rewards_health.TestDogProfilesNoAuth" name="test_create_dog_requires_auth" time="0.156" /><testcase classname="backend.tests.test_daily_rewards_health.TestVirtualPetNoAuth" name="test_get_virtual_pet_requires_auth" time="0.170" /><testcase classname="backend.tests.test_daily_rewards_health.TestVirtualPetNoAuth" name="test_feed_pet_requires_auth" time="0.144" /><testcase classname="backend.tests.test_daily_rewards_health.TestVirtualPetNoAuth" name="test_play_pet_requires_auth" time="0.138" /><testcase classname="backend.tests.test_daily_rewards_health.TestTrainingEndpoints" name="test_get_training_lessons_public" time="0.152" /><testcase classname="backend.tests.test_daily_rewards_health.TestTrainingEndpoints" name="test_get_training_lessons_by_level" time="0.345" /><testcase classname="backend.tests.test_daily_rewards_health.TestTrainingEndpoints" name="test_get_training_lesson_detail_public" time="0.315" /><testcase classname="backend.tests.test_daily_rewards_health.TestAPIRoot" name="test_api_root_status" time="0.197" /><testcase classname="backend.tests.test_daily_rewards_health.TestShareLinksNoAuth" name="test_share_lesson_link_public" time="0.344" /><testcase classname="backend.tests.test_daily_rewards_health.TestDailyRewardStreakConfig" name="test_streak_rewards_exist_in_api" time="0.132" /></testsuite></testsuites>