<?xml version="1.0" encoding="utf-8"?><testsuites name="pytest tests"><testsuite name="pytest" errors="0" failures="0" skipped="0" tests="16" time="3.893" timestamp="2026-02-17T02:37:43.037284+00:00" hostname="agent-env-a8430f9f-8e69-4258-be72-4d7036d74acc"><testcase classname="backend.tests.test_admin_vip.TestAdminStatsEndpoint" name="test_admin_stats_requires_auth" time="0.532" /><testcase classname="backend.tests.test_admin_vip.TestAdminStatsEndpoint" name="test_admin_stats_returns_data_structure" time="0.224" /><testcase classname="backend.tests.test_admin_vip.TestAdminUsersEndpoint" name="test_admin_users_requires_auth" time="0.289" /><testcase classname="backend.tests.test_admin_vip.TestAdminUsersEndpoint" name="test_admin_users_returns_list" time="0.407" /><testcase classname="backend.tests.test_admin_vip.TestAdminVIPPlayersEndpoint" name="test_get_vip_players_requires_auth" time="0.148" /><testcase classname="backend.tests.test_admin_vip.TestAdminVIPPlayersEndpoint" name="test_get_vip_players_returns_list" time="0.239" /><testcase classname="backend.tests.test_admin_vip.TestAddVIPPlayer" name="test_add_vip_requires_auth" time="0.133" /><testcase classname="backend.tests.test_admin_vip.TestAddVIPPlayer" name="test_add_vip_validates_email" time="0.275" /><testcase classname="backend.tests.test_admin_vip.TestAddVIPPlayer" name="test_add_vip_rejects_hardcoded_vip" time="0.216" /><testcase classname="backend.tests.test_admin_vip.TestRemoveVIPPlayer" name="test_remove_vip_requires_auth" time="0.179" /><testcase classname="backend.tests.test_admin_vip.TestRemoveVIPPlayer" name="test_remove_hardcoded_vip_fails" time="0.262" /><testcase classname="backend.tests.test_admin_vip.TestRemoveVIPPlayer" name="test_remove_nonexistent_vip_returns_404" time="0.240" /><testcase classname="backend.tests.test_admin_vip.TestPublicPages" name="test_privacy_page_route_exists" time="0.136" /><testcase classname="backend.tests.test_admin_vip.TestPublicPages" name="test_terms_page_route_exists" time="0.162" /><testcase classname="backend.tests.test_admin_vip.TestVIPStatusEndpoint" name="test_vip_status_requires_auth" time="0.135" /><testcase classname="backend.tests.test_admin_vip.TestVIPStatusEndpoint" name="test_vip_status_returns_data" time="0.230" /></testsuite></testsuites>