<?xml version="1.0" encoding="utf-8"?><testsuites name="pytest tests"><testsuite name="pytest" errors="0" failures="0" skipped="0" tests="25" time="4.698" timestamp="2026-02-17T00:09:45.843242+00:00" hostname="agent-env-07ffbde1-178d-4a4a-8965-f4560550e7f3"><testcase classname="backend.tests.test_k9_tournament.TestTrainingLessons" name="test_get_all_lessons_returns_90_total" time="0.284" /><testcase classname="backend.tests.test_k9_tournament.TestTrainingLessons" name="test_get_k9_security_lessons_returns_15" time="0.123" /><testcase classname="backend.tests.test_k9_tournament.TestTrainingLessons" name="test_k9_lesson_ids_are_correct" time="0.172" /><testcase classname="backend.tests.test_k9_tournament.TestTrainingLessons" name="test_k9_lessons_token_costs_between_18_and_25" time="0.279" /><testcase classname="backend.tests.test_k9_tournament.TestTrainingLessons" name="test_k9_lessons_have_badge_rewards" time="0.174" /><testcase classname="backend.tests.test_k9_tournament.TestTrainingLessons" name="test_k9_lessons_are_in_k9_protection_category" time="0.215" /><testcase classname="backend.tests.test_k9_tournament.TestTrainingLessons" name="test_lessons_have_required_fields" time="0.137" /><testcase classname="backend.tests.test_k9_tournament.TestSeasonalTournaments" name="test_get_current_tournament_returns_active" time="0.141" /><testcase classname="backend.tests.test_k9_tournament.TestSeasonalTournaments" name="test_current_tournament_is_winter_guardian" time="0.189" /><testcase classname="backend.tests.test_k9_tournament.TestSeasonalTournaments" name="test_tournament_has_k9_protection_theme" time="0.179" /><testcase classname="backend.tests.test_k9_tournament.TestSeasonalTournaments" name="test_tournament_has_prizes" time="0.243" /><testcase classname="backend.tests.test_k9_tournament.TestSeasonalTournaments" name="test_tournament_has_leaderboard" time="0.139" /><testcase classname="backend.tests.test_k9_tournament.TestSeasonalTournaments" name="test_tournament_has_days_remaining" time="0.144" /><testcase classname="backend.tests.test_k9_tournament.TestSeasonalTournaments" name="test_tournament_scoring_is_k9_training" time="0.129" /><testcase classname="backend.tests.test_k9_tournament.TestSeasonalTournaments" name="test_my_position_requires_auth" time="0.183" /><testcase classname="backend.tests.test_k9_tournament.TestSeasonalTournaments" name="test_tournament_history_requires_auth" time="0.168" /><testcase classname="backend.tests.test_k9_tournament.TestTrainingLevels" name="test_beginner_lessons_exist" time="0.169" /><testcase classname="backend.tests.test_k9_tournament.TestTrainingLevels" name="test_intermediate_lessons_exist" time="0.175" /><testcase classname="backend.tests.test_k9_tournament.TestTrainingLevels" name="test_advanced_lessons_exist" time="0.169" /><testcase classname="backend.tests.test_k9_tournament.TestTrainingLevels" name="test_expert_lessons_exist" time="0.160" /><testcase classname="backend.tests.test_k9_tournament.TestWeeklyChallenges" name="test_challenges_endpoint_requires_auth" time="0.114" /><testcase classname="backend.tests.test_k9_tournament.TestLessonSpecificEndpoint" name="test_get_k9_lesson_by_id" time="0.137" /><testcase classname="backend.tests.test_k9_tournament.TestLessonSpecificEndpoint" name="test_get_last_k9_lesson" time="0.200" /><testcase classname="backend.tests.test_k9_tournament.TestLessonSpecificEndpoint" name="test_get_nonexistent_lesson_returns_404" time="0.386" /><testcase classname="backend.tests.test_k9_tournament.TestAPIHealth" name="test_root_shows_90_lessons" time="0.176" /></testsuite></testsuites>