<?xml version="1.0" encoding="utf-8"?><testsuites name="pytest tests"><testsuite name="pytest" errors="0" failures="0" skipped="0" tests="9" time="1.721" timestamp="2026-02-16T23:57:37.130438+00:00" hostname="agent-env-07ffbde1-178d-4a4a-8965-f4560550e7f3"><testcase classname="backend.tests.test_leaderboard_competitions.TestLeaderboardPublic" name="test_get_overall_leaderboard" time="0.150" /><testcase classname="backend.tests.test_leaderboard_competitions.TestLeaderboardPublic" name="test_leaderboard_category_training" time="0.233" /><testcase classname="backend.tests.test_leaderboard_competitions.TestLeaderboardPublic" name="test_leaderboard_category_pet" time="0.205" /><testcase classname="backend.tests.test_leaderboard_competitions.TestLeaderboardPublic" name="test_leaderboard_category_achievements" time="0.228" /><testcase classname="backend.tests.test_leaderboard_competitions.TestLeaderboardPublic" name="test_leaderboard_with_limit" time="0.256" /><testcase classname="backend.tests.test_leaderboard_competitions.TestLeaderboardAuthenticated" name="test_my_rank_requires_auth" time="0.122" /><testcase classname="backend.tests.test_leaderboard_competitions.TestCompetitionsAuthenticated" name="test_challenges_requires_auth" time="0.132" /><testcase classname="backend.tests.test_leaderboard_competitions.TestCompetitionsAuthenticated" name="test_claim_requires_auth" time="0.117" /><testcase classname="backend.tests.test_leaderboard_competitions.TestScoreCalculation" name="test_score_formula_validation" time="0.223" /></testsuite></testsuites>