<?xml version="1.0" encoding="utf-8"?><testsuites name="pytest tests"><testsuite name="pytest" errors="0" failures="8" skipped="0" tests="16" time="4.327" timestamp="2026-02-17T02:36:40.315761+00:00" hostname="agent-env-a8430f9f-8e69-4258-be72-4d7036d74acc"><testcase classname="backend.tests.test_admin_vip.TestAdminStatsEndpoint" name="test_admin_stats_requires_auth" time="0.250" /><testcase classname="backend.tests.test_admin_vip.TestAdminStatsEndpoint" name="test_admin_stats_returns_data_structure" time="0.267"><failure message="AssertionError: Expected 200, got 401&#10;assert 401 == 200&#10; +  where 401 = &lt;Response [401]&gt;.status_code">backend/tests/test_admin_vip.py:36: in test_admin_stats_returns_data_structure
    assert response.status_code == 200, f"Expected 200, got {response.status_code}"
E   AssertionError: Expected 200, got 401
E   assert 401 == 200
E    +  where 401 = &lt;Response [401]&gt;.status_code</failure></testcase><testcase classname="backend.tests.test_admin_vip.TestAdminUsersEndpoint" name="test_admin_users_requires_auth" time="0.220" /><testcase classname="backend.tests.test_admin_vip.TestAdminUsersEndpoint" name="test_admin_users_returns_list" time="0.229"><failure message="AssertionError: Expected 200, got 401&#10;assert 401 == 200&#10; +  where 401 = &lt;Response [401]&gt;.status_code">backend/tests/test_admin_vip.py:67: in test_admin_users_returns_list
    assert response.status_code == 200, f"Expected 200, got {response.status_code}"
E   AssertionError: Expected 200, got 401
E   assert 401 == 200
E    +  where 401 = &lt;Response [401]&gt;.status_code</failure></testcase><testcase classname="backend.tests.test_admin_vip.TestAdminVIPPlayersEndpoint" name="test_get_vip_players_requires_auth" time="0.149" /><testcase classname="backend.tests.test_admin_vip.TestAdminVIPPlayersEndpoint" name="test_get_vip_players_returns_list" time="0.256"><failure message="AssertionError: Expected 200, got 401&#10;assert 401 == 200&#10; +  where 401 = &lt;Response [401]&gt;.status_code">backend/tests/test_admin_vip.py:99: in test_get_vip_players_returns_list
    assert response.status_code == 200, f"Expected 200, got {response.status_code}"
E   AssertionError: Expected 200, got 401
E   assert 401 == 200
E    +  where 401 = &lt;Response [401]&gt;.status_code</failure></testcase><testcase classname="backend.tests.test_admin_vip.TestAddVIPPlayer" name="test_add_vip_requires_auth" time="0.117" /><testcase classname="backend.tests.test_admin_vip.TestAddVIPPlayer" name="test_add_vip_validates_email" time="0.231"><failure message="AssertionError: Expected 400, got 401&#10;assert 401 == 400&#10; +  where 401 = &lt;Response [401]&gt;.status_code">backend/tests/test_admin_vip.py:132: in test_add_vip_validates_email
    assert response.status_code == 400, f"Expected 400, got {response.status_code}"
E   AssertionError: Expected 400, got 401
E   assert 401 == 400
E    +  where 401 = &lt;Response [401]&gt;.status_code</failure></testcase><testcase classname="backend.tests.test_admin_vip.TestAddVIPPlayer" name="test_add_vip_rejects_hardcoded_vip" time="0.292"><failure message="AssertionError: Expected 400, got 401&#10;assert 401 == 400&#10; +  where 401 = &lt;Response [401]&gt;.status_code">backend/tests/test_admin_vip.py:148: in test_add_vip_rejects_hardcoded_vip
    assert response.status_code == 400, f"Expected 400, got {response.status_code}"
E   AssertionError: Expected 400, got 401
E   assert 401 == 400
E    +  where 401 = &lt;Response [401]&gt;.status_code</failure></testcase><testcase classname="backend.tests.test_admin_vip.TestRemoveVIPPlayer" name="test_remove_vip_requires_auth" time="0.637" /><testcase classname="backend.tests.test_admin_vip.TestRemoveVIPPlayer" name="test_remove_hardcoded_vip_fails" time="0.210"><failure message="AssertionError: Expected 400, got 401&#10;assert 401 == 400&#10; +  where 401 = &lt;Response [401]&gt;.status_code">backend/tests/test_admin_vip.py:175: in test_remove_hardcoded_vip_fails
    assert response.status_code == 400, f"Expected 400, got {response.status_code}"
E   AssertionError: Expected 400, got 401
E   assert 401 == 400
E    +  where 401 = &lt;Response [401]&gt;.status_code</failure></testcase><testcase classname="backend.tests.test_admin_vip.TestRemoveVIPPlayer" name="test_remove_nonexistent_vip_returns_404" time="0.206"><failure message="AssertionError: Expected 404, got 401&#10;assert 401 == 404&#10; +  where 401 = &lt;Response [401]&gt;.status_code">backend/tests/test_admin_vip.py:192: in test_remove_nonexistent_vip_returns_404
    assert response.status_code == 404, f"Expected 404, got {response.status_code}"
E   AssertionError: Expected 404, got 401
E   assert 401 == 404
E    +  where 401 = &lt;Response [401]&gt;.status_code</failure></testcase><testcase classname="backend.tests.test_admin_vip.TestPublicPages" name="test_privacy_page_route_exists" time="0.279" /><testcase classname="backend.tests.test_admin_vip.TestPublicPages" name="test_terms_page_route_exists" time="0.233" /><testcase classname="backend.tests.test_admin_vip.TestVIPStatusEndpoint" name="test_vip_status_requires_auth" time="0.281" /><testcase classname="backend.tests.test_admin_vip.TestVIPStatusEndpoint" name="test_vip_status_returns_data" time="0.296"><failure message="AssertionError: Expected 200, got 401&#10;assert 401 == 200&#10; +  where 401 = &lt;Response [401]&gt;.status_code">backend/tests/test_admin_vip.py:226: in test_vip_status_returns_data
    assert response.status_code == 200, f"Expected 200, got {response.status_code}"
E   AssertionError: Expected 200, got 401
E   assert 401 == 200
E    +  where 401 = &lt;Response [401]&gt;.status_code</failure></testcase></testsuite></testsuites>