<?xml version="1.0" encoding="utf-8"?><testsuites name="pytest tests"><testsuite name="pytest" errors="0" failures="0" skipped="0" tests="13" time="2.507" timestamp="2026-02-16T23:48:19.699831+00:00" hostname="agent-env-07ffbde1-178d-4a4a-8965-f4560550e7f3"><testcase classname="backend.tests.test_v2_features.TestHealthEndpoint" name="test_api_health" time="0.243" /><testcase classname="backend.tests.test_v2_features.TestTokenPackages" name="test_get_token_packages" time="0.273" /><testcase classname="backend.tests.test_v2_features.TestBreeds" name="test_get_all_breeds" time="0.181" /><testcase classname="backend.tests.test_v2_features.TestBreeds" name="test_breed_structure" time="0.175" /><testcase classname="backend.tests.test_v2_features.TestBreeds" name="test_breeds_filter_by_size" time="0.137" /><testcase classname="backend.tests.test_v2_features.TestBreeds" name="test_breeds_search" time="0.140" /><testcase classname="backend.tests.test_v2_features.TestTrainingLessons" name="test_get_all_lessons" time="0.177" /><testcase classname="backend.tests.test_v2_features.TestTrainingLessons" name="test_lesson_structure" time="0.163" /><testcase classname="backend.tests.test_v2_features.TestTrainingLessons" name="test_lessons_filter_by_level" time="0.115" /><testcase classname="backend.tests.test_v2_features.TestTrainingLessons" name="test_lessons_filter_by_category" time="0.280" /><testcase classname="backend.tests.test_v2_features.TestTrainingLessons" name="test_get_single_lesson" time="0.131" /><testcase classname="backend.tests.test_v2_features.TestParentingTips" name="test_get_parenting_tips" time="0.118" /><testcase classname="backend.tests.test_v2_features.TestTravelDefaults" name="test_get_travel_items" time="0.265" /></testsuite></testsuites>