<?xml version="1.0" encoding="utf-8"?><testsuites name="pytest tests"><testsuite name="pytest" errors="0" failures="1" skipped="0" tests="15" time="5.803" timestamp="2026-02-17T06:53:48.301830+00:00" hostname="agent-env-e404b2c8-3707-413a-a562-f860b6675cec"><testcase classname="backend.tests.test_equipment_basket_checkout.TestDeliveryInfoAPI" name="test_delivery_info_returns_delivery_options" time="0.217" /><testcase classname="backend.tests.test_equipment_basket_checkout.TestDeliveryInfoAPI" name="test_delivery_costs_by_category" time="0.248" /><testcase classname="backend.tests.test_equipment_basket_checkout.TestCalculateBasketAPI" name="test_calculate_basket_single_item" time="0.209" /><testcase classname="backend.tests.test_equipment_basket_checkout.TestCalculateBasketAPI" name="test_calculate_basket_multiple_items" time="0.184" /><testcase classname="backend.tests.test_equipment_basket_checkout.TestCalculateBasketAPI" name="test_free_standard_shipping_over_75" time="0.140" /><testcase classname="backend.tests.test_equipment_basket_checkout.TestCalculateBasketAPI" name="test_standard_delivery_under_75" time="0.136" /><testcase classname="backend.tests.test_equipment_basket_checkout.TestCalculateBasketAPI" name="test_express_delivery_costs" time="0.108" /><testcase classname="backend.tests.test_equipment_basket_checkout.TestCalculateBasketAPI" name="test_pay_now_discount_calculated" time="0.160" /><testcase classname="backend.tests.test_equipment_basket_checkout.TestCalculateBasketAPI" name="test_highest_delivery_cost_from_categories" time="0.238" /><testcase classname="backend.tests.test_equipment_basket_checkout.TestEquipmentCheckoutAPI" name="test_checkout_creates_stripe_session" time="1.306" /><testcase classname="backend.tests.test_equipment_basket_checkout.TestEquipmentCheckoutAPI" name="test_checkout_applies_pay_now_discount" time="1.141" /><testcase classname="backend.tests.test_equipment_basket_checkout.TestEquipmentCheckoutAPI" name="test_checkout_requires_authentication" time="0.117" /><testcase classname="backend.tests.test_equipment_basket_checkout.TestEquipmentCheckoutAPI" name="test_checkout_with_express_delivery" time="1.223" /><testcase classname="backend.tests.test_equipment_basket_checkout.TestPricingVerification" name="test_harness_001_pricing" time="0.143"><failure message="AssertionError: Expected ~85.8, got 92.83&#10;assert 7.030000000000001 &lt; 0.1&#10; +  where 7.030000000000001 = abs((92.83 - 85.8))">backend/tests/test_equipment_basket_checkout.py:385: in test_harness_001_pricing
    assert abs(display_price - expected_display) &lt; 0.10, f"Expected ~{expected_display}, got {display_price}"
E   AssertionError: Expected ~85.8, got 92.83
E   assert 7.030000000000001 &lt; 0.1
E    +  where 7.030000000000001 = abs((92.83 - 85.8))</failure></testcase><testcase classname="backend.tests.test_equipment_basket_checkout.TestPricingVerification" name="test_bed_001_pricing" time="0.118" /></testsuite></testsuites>