<?xml version="1.0" encoding="utf-8"?><testsuites name="pytest tests"><testsuite name="pytest" errors="0" failures="0" skipped="0" tests="15" time="6.301" timestamp="2026-02-17T06:54:39.879970+00:00" hostname="agent-env-e404b2c8-3707-413a-a562-f860b6675cec"><testcase classname="backend.tests.test_equipment_basket_checkout.TestDeliveryInfoAPI" name="test_delivery_info_returns_delivery_options" time="0.271" /><testcase classname="backend.tests.test_equipment_basket_checkout.TestDeliveryInfoAPI" name="test_delivery_costs_by_category" time="0.195" /><testcase classname="backend.tests.test_equipment_basket_checkout.TestCalculateBasketAPI" name="test_calculate_basket_single_item" time="0.139" /><testcase classname="backend.tests.test_equipment_basket_checkout.TestCalculateBasketAPI" name="test_calculate_basket_multiple_items" time="0.188" /><testcase classname="backend.tests.test_equipment_basket_checkout.TestCalculateBasketAPI" name="test_free_standard_shipping_over_75" time="0.110" /><testcase classname="backend.tests.test_equipment_basket_checkout.TestCalculateBasketAPI" name="test_standard_delivery_under_75" time="0.128" /><testcase classname="backend.tests.test_equipment_basket_checkout.TestCalculateBasketAPI" name="test_express_delivery_costs" time="0.121" /><testcase classname="backend.tests.test_equipment_basket_checkout.TestCalculateBasketAPI" name="test_pay_now_discount_calculated" time="0.204" /><testcase classname="backend.tests.test_equipment_basket_checkout.TestCalculateBasketAPI" name="test_highest_delivery_cost_from_categories" time="0.312" /><testcase classname="backend.tests.test_equipment_basket_checkout.TestEquipmentCheckoutAPI" name="test_checkout_creates_stripe_session" time="1.813" /><testcase classname="backend.tests.test_equipment_basket_checkout.TestEquipmentCheckoutAPI" name="test_checkout_applies_pay_now_discount" time="1.141" /><testcase classname="backend.tests.test_equipment_basket_checkout.TestEquipmentCheckoutAPI" name="test_checkout_requires_authentication" time="0.120" /><testcase classname="backend.tests.test_equipment_basket_checkout.TestEquipmentCheckoutAPI" name="test_checkout_with_express_delivery" time="1.168" /><testcase classname="backend.tests.test_equipment_basket_checkout.TestPricingVerification" name="test_harness_001_pricing" time="0.160" /><testcase classname="backend.tests.test_equipment_basket_checkout.TestPricingVerification" name="test_bed_001_pricing" time="0.146" /></testsuite></testsuites>