<?xml version="1.0" encoding="utf-8"?><testsuites name="pytest tests"><testsuite name="pytest" errors="0" failures="0" skipped="0" tests="17" time="3.693" timestamp="2026-02-17T00:48:49.398606+00:00" hostname="agent-env-07ffbde1-178d-4a4a-8965-f4560550e7f3"><testcase classname="backend.tests.test_new_features_iter7.TestPublicEndpoints" name="test_api_health" time="0.191" /><testcase classname="backend.tests.test_new_features_iter7.TestPublicEndpoints" name="test_token_packages_available" time="0.154" /><testcase classname="backend.tests.test_new_features_iter7.TestPublicEndpoints" name="test_lesson_share_link_valid_lesson" time="0.440" /><testcase classname="backend.tests.test_new_features_iter7.TestPublicEndpoints" name="test_lesson_share_link_invalid_lesson" time="0.174" /><testcase classname="backend.tests.test_new_features_iter7.TestAuthenticatedEndpoints" name="test_first_purchase_eligible_unauthorized" time="0.187" /><testcase classname="backend.tests.test_new_features_iter7.TestAuthenticatedEndpoints" name="test_referral_qr_code_unauthorized" time="0.305" /><testcase classname="backend.tests.test_new_features_iter7.TestAuthenticatedEndpoints" name="test_notification_settings_get_unauthorized" time="0.125" /><testcase classname="backend.tests.test_new_features_iter7.TestAuthenticatedEndpoints" name="test_notification_settings_put_unauthorized" time="0.155" /><testcase classname="backend.tests.test_new_features_iter7.TestAuthenticatedEndpoints" name="test_dogs_endpoint_unauthorized" time="0.193" /><testcase classname="backend.tests.test_new_features_iter7.TestAuthenticatedEndpoints" name="test_dogs_create_unauthorized" time="0.190" /><testcase classname="backend.tests.test_new_features_iter7.TestPayPalEndpoints" name="test_paypal_create_payment_unauthorized" time="0.128" /><testcase classname="backend.tests.test_new_features_iter7.TestPayPalEndpoints" name="test_paypal_execute_payment_unauthorized" time="0.115" /><testcase classname="backend.tests.test_new_features_iter7.TestNotificationEndpoints" name="test_notification_subscribe_unauthorized" time="0.118" /><testcase classname="backend.tests.test_new_features_iter7.TestNotificationEndpoints" name="test_notification_unsubscribe_unauthorized" time="0.159" /><testcase classname="backend.tests.test_new_features_iter7.TestDeepLinkEndpoints" name="test_achievement_share_link_unauthorized" time="0.393" /><testcase classname="backend.tests.test_new_features_iter7.TestDeepLinkEndpoints" name="test_k9_credential_share_link_unauthorized" time="0.467" /><testcase classname="backend.tests.test_new_features_iter7.TestDogProfileModel" name="test_training_lessons_available" time="0.121" /></testsuite></testsuites>