<?xml version="1.0" encoding="utf-8"?><testsuites name="pytest tests"><testsuite name="pytest" errors="0" failures="0" skipped="0" tests="14" time="2.851" timestamp="2026-02-17T00:22:28.392327+00:00" hostname="agent-env-07ffbde1-178d-4a4a-8965-f4560550e7f3"><testcase classname="backend.tests.test_k9_credentials.TestK9Credentials" name="test_k9_credentials_requires_auth" time="0.332" /><testcase classname="backend.tests.test_k9_credentials.TestK9Credentials" name="test_k9_generate_certificate_requires_auth" time="0.149" /><testcase classname="backend.tests.test_k9_credentials.TestK9Credentials" name="test_k9_certificates_list_requires_auth" time="0.153" /><testcase classname="backend.tests.test_k9_credentials.TestPWAAssets" name="test_manifest_accessible" time="0.321" /><testcase classname="backend.tests.test_k9_credentials.TestPWAAssets" name="test_manifest_icons_defined" time="0.219" /><testcase classname="backend.tests.test_k9_credentials.TestPWAAssets" name="test_manifest_shortcuts_defined" time="0.154" /><testcase classname="backend.tests.test_k9_credentials.TestPWAAssets" name="test_service_worker_accessible" time="0.238" /><testcase classname="backend.tests.test_k9_credentials.TestPWAAssets" name="test_icon_192x192_accessible" time="0.155" /><testcase classname="backend.tests.test_k9_credentials.TestPWAAssets" name="test_icon_512x512_accessible" time="0.237" /><testcase classname="backend.tests.test_k9_credentials.TestPWAAssets" name="test_icon_72x72_accessible" time="0.116" /><testcase classname="backend.tests.test_k9_credentials.TestPWAAssets" name="test_icon_144x144_accessible" time="0.161" /><testcase classname="backend.tests.test_k9_credentials.TestK9CredentialTiers" name="test_k9_training_lessons_exist" time="0.199" /><testcase classname="backend.tests.test_k9_credentials.TestAPIHealthAndRouting" name="test_api_root" time="0.129" /><testcase classname="backend.tests.test_k9_credentials.TestAPIHealthAndRouting" name="test_training_lessons_endpoint" time="0.163" /></testsuite></testsuites>