<?xml version="1.0" encoding="utf-8"?><testsuites name="pytest tests"><testsuite name="pytest" errors="0" failures="0" skipped="0" tests="11" time="4.787" timestamp="2026-02-17T03:31:22.919134+00:00" hostname="agent-env-16a7d356-cf69-45b3-a414-be492126dc7d"><testcase classname="backend.tests.test_auth_password_reset.TestAuthRegistration" name="test_register_success" time="0.489" /><testcase classname="backend.tests.test_auth_password_reset.TestAuthRegistration" name="test_register_duplicate_email" time="0.581" /><testcase classname="backend.tests.test_auth_password_reset.TestAuthRegistration" name="test_register_invalid_email_format" time="0.237" /><testcase classname="backend.tests.test_auth_password_reset.TestAuthLogin" name="test_login_success" time="0.837" /><testcase classname="backend.tests.test_auth_password_reset.TestAuthLogin" name="test_login_wrong_password" time="0.859" /><testcase classname="backend.tests.test_auth_password_reset.TestAuthLogin" name="test_login_nonexistent_user" time="0.119" /><testcase classname="backend.tests.test_auth_password_reset.TestPasswordReset" name="test_password_reset_request" time="0.515" /><testcase classname="backend.tests.test_auth_password_reset.TestPasswordReset" name="test_password_reset_request_nonexistent_email" time="0.114" /><testcase classname="backend.tests.test_auth_password_reset.TestPasswordReset" name="test_password_reset_verify_invalid_code" time="0.661" /><testcase classname="backend.tests.test_auth_password_reset.TestPasswordReset" name="test_password_reset_short_password" time="0.100" /><testcase classname="backend.tests.test_auth_password_reset.TestHealthEndpoint" name="test_api_health" time="0.202" /></testsuite></testsuites>