<?xml version="1.0" encoding="utf-8"?><testsuites name="pytest tests"><testsuite name="pytest" errors="0" failures="0" skipped="0" tests="12" time="4.797" timestamp="2026-02-17T04:10:41.411015+00:00" hostname="agent-env-16a7d356-cf69-45b3-a414-be492126dc7d"><testcase classname="tests.test_new_features.TestAuth" name="test_health_check" time="0.238" /><testcase classname="tests.test_new_features.TestAuth" name="test_email_login_success" time="0.375" /><testcase classname="tests.test_new_features.TestAuth" name="test_email_login_invalid_password" time="0.437" /><testcase classname="tests.test_new_features.TestAuth" name="test_email_login_invalid_email" time="0.107" /><testcase classname="tests.test_new_features.TestAIChatSupport" name="test_chat_requires_auth" time="0.117" /><testcase classname="tests.test_new_features.TestAIChatSupport" name="test_chat_history_requires_auth" time="0.124" /><testcase classname="tests.test_new_features.TestAIChatSupport" name="test_chat_support_with_auth" time="0.582" /><testcase classname="tests.test_new_features.TestAIChatSupport" name="test_chat_insufficient_tokens" time="1.144" /><testcase classname="tests.test_new_features.TestAIChatSupport" name="test_chat_history_with_auth" time="0.516" /><testcase classname="tests.test_new_features.TestTokenBalance" name="test_token_balance_requires_auth" time="0.133" /><testcase classname="tests.test_new_features.TestTokenBalance" name="test_token_balance_with_auth" time="0.507" /><testcase classname="tests.test_new_features.TestDashboardStats" name="test_dashboard_stats" time="0.447" /></testsuite></testsuites>