<?xml version="1.0" encoding="utf-8"?><testsuites name="pytest tests"><testsuite name="pytest" errors="0" failures="0" skipped="0" tests="17" time="2.852" timestamp="2026-02-17T02:24:41.476542+00:00" hostname="agent-env-a8430f9f-8e69-4258-be72-4d7036d74acc"><testcase classname="backend.tests.test_vip_features.TestAPIHealth" name="test_api_root" time="0.210" /><testcase classname="backend.tests.test_vip_features.TestVIPStatusEndpoint" name="test_vip_status_requires_auth" time="0.197" /><testcase classname="backend.tests.test_vip_features.TestVIPStatusEndpoint" name="test_vip_status_with_auth" time="0.326" /><testcase classname="backend.tests.test_vip_features.TestWelcomeMessageEndpoint" name="test_welcome_message_requires_auth" time="0.164" /><testcase classname="backend.tests.test_vip_features.TestWelcomeMessageEndpoint" name="test_welcome_message_structure" time="0.074" /><testcase classname="backend.tests.test_vip_features.TestWelcomeMessageEndpoint" name="test_welcome_message_vip_bonus_field" time="0.093" /><testcase classname="backend.tests.test_vip_features.TestDailyMemoMarkSeen" name="test_mark_seen_requires_auth" time="0.240" /><testcase classname="backend.tests.test_vip_features.TestDailyMemoMarkSeen" name="test_mark_daily_memo_seen" time="0.178" /><testcase classname="backend.tests.test_vip_features.TestDailyMemoMarkSeen" name="test_memo_seen_status_after_marking" time="0.156" /><testcase classname="backend.tests.test_vip_features.TestAdminAwardTokens" name="test_award_tokens_requires_auth" time="0.187" /><testcase classname="backend.tests.test_vip_features.TestAdminAwardTokens" name="test_award_tokens_requires_admin" time="0.095" /><testcase classname="backend.tests.test_vip_features.TestAdminAwardTokens" name="test_award_tokens_requires_valid_data" time="0.262" /><testcase classname="backend.tests.test_vip_features.TestDailyRewardVIP" name="test_daily_reward_status" time="0.128" /><testcase classname="backend.tests.test_vip_features.TestDailyRewardVIP" name="test_daily_reward_claim_returns_vip_flag" time="0.108" /><testcase classname="backend.tests.test_vip_features.TestDailyMemoContent" name="test_daily_memo_present" time="0.088" /><testcase classname="backend.tests.test_vip_features.TestAdminCheck" name="test_admin_check_requires_auth" time="0.148" /><testcase classname="backend.tests.test_vip_features.TestAdminCheck" name="test_admin_check_returns_status" time="0.112" /></testsuite></testsuites>