<?xml version="1.0" encoding="utf-8"?><testsuites name="pytest tests"><testsuite name="pytest" errors="0" failures="0" skipped="0" tests="13" time="1.574" timestamp="2026-02-17T06:39:01.421229+00:00" hostname="agent-env-e404b2c8-3707-413a-a562-f860b6675cec"><testcase classname="backend.tests.test_multi_trainer_equipment.TestEquipmentCategories" name="test_get_categories_returns_8" time="0.194" /><testcase classname="backend.tests.test_multi_trainer_equipment.TestEquipmentProducts" name="test_get_products_returns_31" time="0.068" /><testcase classname="backend.tests.test_multi_trainer_equipment.TestEquipmentProducts" name="test_get_products_filter_by_category" time="0.065" /><testcase classname="backend.tests.test_multi_trainer_equipment.TestEquipmentFeatured" name="test_get_featured_products" time="0.100" /><testcase classname="backend.tests.test_multi_trainer_equipment.TestMultiTrainerCalculator" name="test_calculate_single_trainer_virtual" time="0.082" /><testcase classname="backend.tests.test_multi_trainer_equipment.TestMultiTrainerCalculator" name="test_calculate_multi_trainer_in_person" time="0.094" /><testcase classname="backend.tests.test_multi_trainer_equipment.TestMultiTrainerCalculator" name="test_calculate_emergency_session" time="0.073" /><testcase classname="backend.tests.test_multi_trainer_equipment.TestMultiTrainerCalculator" name="test_calculate_rejects_early_booking" time="0.057" /><testcase classname="backend.tests.test_multi_trainer_equipment.TestTrainers" name="test_get_trainers_our_team" time="0.110" /><testcase classname="backend.tests.test_multi_trainer_equipment.TestEquipmentEnquiry" name="test_submit_enquiry" time="0.402" /><testcase classname="backend.tests.test_multi_trainer_equipment.TestPricingValidation" name="test_virtual_hourly_rate" time="0.053" /><testcase classname="backend.tests.test_multi_trainer_equipment.TestPricingValidation" name="test_in_person_hourly_rate" time="0.079" /><testcase classname="backend.tests.test_multi_trainer_equipment.TestPricingValidation" name="test_emergency_flat_rate" time="0.113" /></testsuite></testsuites>