<?xml version="1.0" encoding="utf-8"?><testsuites name="pytest tests"><testsuite name="pytest" errors="0" failures="0" skipped="1" tests="12" time="4.528" timestamp="2026-02-17T04:10:02.215245+00:00" hostname="agent-env-16a7d356-cf69-45b3-a414-be492126dc7d"><testcase classname="tests.test_new_features.TestAuth" name="test_health_check" time="0.149" /><testcase classname="tests.test_new_features.TestAuth" name="test_email_login_success" time="0.455" /><testcase classname="tests.test_new_features.TestAuth" name="test_email_login_invalid_password" time="0.451" /><testcase classname="tests.test_new_features.TestAuth" name="test_email_login_invalid_email" time="0.184" /><testcase classname="tests.test_new_features.TestAIChatSupport" name="test_chat_requires_auth" time="0.150" /><testcase classname="tests.test_new_features.TestAIChatSupport" name="test_chat_history_requires_auth" time="0.122" /><testcase classname="tests.test_new_features.TestAIChatSupport" name="test_chat_support_with_auth" time="0.416"><skipped type="pytest.skip" message="Not enough tokens (0) to test chat. Need 5 tokens.">/app/backend/tests/test_new_features.py:100: Not enough tokens (0) to test chat. Need 5 tokens.</skipped></testcase><testcase classname="tests.test_new_features.TestAIChatSupport" name="test_chat_insufficient_tokens" time="0.433" /><testcase classname="tests.test_new_features.TestAIChatSupport" name="test_chat_history_with_auth" time="0.398" /><testcase classname="tests.test_new_features.TestTokenBalance" name="test_token_balance_requires_auth" time="0.811" /><testcase classname="tests.test_new_features.TestTokenBalance" name="test_token_balance_with_auth" time="0.449" /><testcase classname="tests.test_new_features.TestDashboardStats" name="test_dashboard_stats" time="0.446" /></testsuite></testsuites>