<?xml version="1.0" encoding="utf-8"?><testsuites name="pytest tests"><testsuite name="pytest" errors="0" failures="0" skipped="0" tests="16" time="2.231" timestamp="2026-02-17T05:28:53.933040+00:00" hostname="agent-env-474f7b9a-73ea-403d-8e58-76cd815a7295"><testcase classname="backend.tests.test_nasdu_trainer_features.TestNasduCourses" name="test_get_all_courses" time="0.256" /><testcase classname="backend.tests.test_nasdu_trainer_features.TestNasduCourses" name="test_courses_have_correct_commission_pricing" time="0.123" /><testcase classname="backend.tests.test_nasdu_trainer_features.TestNasduCourses" name="test_get_specific_course_patrol" time="0.147" /><testcase classname="backend.tests.test_nasdu_trainer_features.TestNasduCourses" name="test_get_course_not_found" time="0.151" /><testcase classname="backend.tests.test_nasdu_trainer_features.TestNasduCourses" name="test_filter_courses_by_category" time="0.102" /><testcase classname="backend.tests.test_nasdu_trainer_features.TestNasduCourses" name="test_filter_courses_by_level" time="0.127" /><testcase classname="backend.tests.test_nasdu_trainer_features.TestK9Trainers" name="test_get_all_trainers" time="0.124" /><testcase classname="backend.tests.test_nasdu_trainer_features.TestK9Trainers" name="test_trainer_data_quality" time="0.136" /><testcase classname="backend.tests.test_nasdu_trainer_features.TestK9Trainers" name="test_get_trainer_pricing_info" time="0.133" /><testcase classname="backend.tests.test_nasdu_trainer_features.TestK9Trainers" name="test_calculate_virtual_cost_30min" time="0.136" /><testcase classname="backend.tests.test_nasdu_trainer_features.TestK9Trainers" name="test_calculate_virtual_cost_60min" time="0.106" /><testcase classname="backend.tests.test_nasdu_trainer_features.TestK9Trainers" name="test_calculate_in_person_cost_with_travel" time="0.122" /><testcase classname="backend.tests.test_nasdu_trainer_features.TestK9Trainers" name="test_calculate_in_person_2hour_cost" time="0.098" /><testcase classname="backend.tests.test_nasdu_trainer_features.TestK9Trainers" name="test_calculate_in_person_3hour_intensive" time="0.126" /><testcase classname="backend.tests.test_nasdu_trainer_features.TestLanguageSupport" name="test_get_supported_languages" time="0.137" /><testcase classname="backend.tests.test_nasdu_trainer_features.TestAPIHealth" name="test_api_root" time="0.118" /></testsuite></testsuites>