<?xml version="1.0" encoding="utf-8"?><testsuites name="pytest tests"><testsuite name="pytest" errors="0" failures="0" skipped="0" tests="22" time="5.564" timestamp="2026-02-17T02:11:34.689267+00:00" hostname="agent-env-a8430f9f-8e69-4258-be72-4d7036d74acc"><testcase classname="backend.tests.test_promo_codes.TestSetup" name="test_api_is_healthy" time="0.433" /><testcase classname="backend.tests.test_promo_codes.TestSetup" name="test_test_session_valid" time="0.149" /><testcase classname="backend.tests.test_promo_codes.TestAdminCheckEndpoint" name="test_admin_check_non_admin_user" time="0.121" /><testcase classname="backend.tests.test_promo_codes.TestAdminCheckEndpoint" name="test_admin_check_requires_auth" time="0.158" /><testcase classname="backend.tests.test_promo_codes.TestPromoCodeValidation" name="test_validate_invalid_code" time="0.112" /><testcase classname="backend.tests.test_promo_codes.TestPromoCodeValidation" name="test_validate_requires_auth" time="0.255" /><testcase classname="backend.tests.test_promo_codes.TestPromoCodeRedemption" name="test_redeem_invalid_code" time="0.235" /><testcase classname="backend.tests.test_promo_codes.TestPromoCodeRedemption" name="test_redeem_requires_auth" time="0.207" /><testcase classname="backend.tests.test_promo_codes.TestUserDiscountAndHistory" name="test_get_my_discount" time="0.279" /><testcase classname="backend.tests.test_promo_codes.TestUserDiscountAndHistory" name="test_get_my_history" time="0.245" /><testcase classname="backend.tests.test_promo_codes.TestUserDiscountAndHistory" name="test_discount_requires_auth" time="0.182" /><testcase classname="backend.tests.test_promo_codes.TestUserDiscountAndHistory" name="test_history_requires_auth" time="0.233" /><testcase classname="backend.tests.test_promo_codes.TestAdminPromoCodeCRUD" name="test_admin_list_codes_non_admin" time="0.151" /><testcase classname="backend.tests.test_promo_codes.TestAdminPromoCodeCRUD" name="test_admin_create_code_non_admin" time="0.151" /><testcase classname="backend.tests.test_promo_codes.TestAdminPromoCodeCRUD" name="test_admin_update_code_non_admin" time="0.205" /><testcase classname="backend.tests.test_promo_codes.TestAdminPromoCodeCRUD" name="test_admin_delete_code_non_admin" time="0.134" /><testcase classname="backend.tests.test_promo_codes.TestAdminPromoCodeCRUD" name="test_admin_endpoints_require_auth" time="0.760" /><testcase classname="backend.tests.test_promo_codes.TestPromoCodeEndpointStructure" name="test_validate_endpoint_structure" time="0.121" /><testcase classname="backend.tests.test_promo_codes.TestPromoCodeEndpointStructure" name="test_redeem_endpoint_structure" time="0.166" /><testcase classname="backend.tests.test_promo_codes.TestPromoCodeEndpointStructure" name="test_my_discount_endpoint_structure" time="0.727" /><testcase classname="backend.tests.test_promo_codes.TestPromoCodeEndpointStructure" name="test_my_history_endpoint_structure" time="0.260" /><testcase classname="backend.tests.test_promo_codes.TestAdminCheckStructure" name="test_admin_check_response_structure" time="0.207" /></testsuite></testsuites>